-------------------------------------------------------------------------------
Test set: convertidorConcurrentTest
-------------------------------------------------------------------------------
Tests run: 1, Failures: 0, Errors: 1, Skipped: 0, Time elapsed: 0.359 s <<< FAILURE! - in convertidorConcurrentTest
initializationError(convertidorConcurrentTest)  Time elapsed: 0.016 s  <<< ERROR!
java.lang.IllegalStateException: Unable to find a @SpringBootConfiguration, you need to use @ContextConfiguration or @SpringBootTest(classes=...) with your test

